[2023-12-13 23:52:46,857][INFO]: Running experiment electric_motor_nondet_0_2_hmax, workdir experiment-output, timeout 300.0
[2023-12-13 23:52:46,857][INFO]: Nb Services: 4
[2023-12-13 23:52:46,857][INFO]: Goal: F(assemble_motor) & (!assemble_motor U build_rotor) & (!assemble_motor U build_stator) & (!assemble_motor U build_inverter)
[2023-12-13 23:52:46,858][INFO]: Running command: /home/ubuntu/workfolder/ltlf-goal-oriented-service-composition/scripts/run.sh /tmp/tmp_390dnzr/domain.pddl /tmp/tmp_390dnzr/problem.pddl TB 2 mynd -heuristic hmax -exportDot /tmp/tmp_390dnzr/policy.dot -dumpPlan
[2023-12-13 23:53:12,499][INFO]: Command returned. Total time: 25.64 seconds
[2023-12-13 23:53:12,501][INFO]: Done!
[2023-12-13 23:53:12,502][INFO]: Running experiment electric_motor_nondet_0_2_ff, workdir experiment-output, timeout 300.0
[2023-12-13 23:53:12,502][INFO]: Nb Services: 4
[2023-12-13 23:53:12,502][INFO]: Goal: F(assemble_motor) & (!assemble_motor U build_rotor) & (!assemble_motor U build_stator) & (!assemble_motor U build_inverter)
[2023-12-13 23:53:12,505][INFO]: Running command: /home/ubuntu/workfolder/ltlf-goal-oriented-service-composition/scripts/run.sh /tmp/tmp2_ll9smg/domain.pddl /tmp/tmp2_ll9smg/problem.pddl TB 2 mynd -heuristic ff -exportDot /tmp/tmp2_ll9smg/policy.dot -dumpPlan
[2023-12-13 23:53:48,979][INFO]: Command returned. Total time: 36.47 seconds
[2023-12-13 23:53:48,981][INFO]: Done!
[2023-12-13 23:53:48,982][INFO]: Running experiment electric_motor_nondet_0_3_hmax, workdir experiment-output, timeout 300.0
[2023-12-13 23:53:48,982][INFO]: Nb Services: 4
[2023-12-13 23:53:48,982][INFO]: Goal: F(assemble_motor) & (!assemble_motor U build_rotor) & (!assemble_motor U build_stator) & (!assemble_motor U build_inverter)
[2023-12-13 23:53:48,984][INFO]: Running command: /home/ubuntu/workfolder/ltlf-goal-oriented-service-composition/scripts/run.sh /tmp/tmpu8a0yb9e/domain.pddl /tmp/tmpu8a0yb9e/problem.pddl TB 3 mynd -heuristic hmax -exportDot /tmp/tmpu8a0yb9e/policy.dot -dumpPlan
[2023-12-13 23:58:48,986][INFO]: Command returned. Total time: 300.00 seconds
[2023-12-13 23:58:49,233][INFO]: Done!
[2023-12-13 23:58:49,233][INFO]: Combination (<ActionMode.MODE_3: '3'>, <Heuristic.HMAX: 'hmax'>) timed out with n=0, not continuing with this configuration...
[2023-12-13 23:58:49,233][INFO]: Running experiment electric_motor_nondet_0_3_ff, workdir experiment-output, timeout 300.0
[2023-12-13 23:58:49,234][INFO]: Nb Services: 4
[2023-12-13 23:58:49,234][INFO]: Goal: F(assemble_motor) & (!assemble_motor U build_rotor) & (!assemble_motor U build_stator) & (!assemble_motor U build_inverter)
[2023-12-13 23:58:49,236][INFO]: Running command: /home/ubuntu/workfolder/ltlf-goal-oriented-service-composition/scripts/run.sh /tmp/tmp6busoi1t/domain.pddl /tmp/tmp6busoi1t/problem.pddl TB 3 mynd -heuristic ff -exportDot /tmp/tmp6busoi1t/policy.dot -dumpPlan
[2023-12-14 00:03:49,238][INFO]: Command returned. Total time: 300.00 seconds
[2023-12-14 00:03:49,830][INFO]: Done!
[2023-12-14 00:03:49,831][INFO]: Combination (<ActionMode.MODE_3: '3'>, <Heuristic.FF: 'ff'>) timed out with n=0, not continuing with this configuration...
[2023-12-14 00:03:49,831][INFO]: Running experiment electric_motor_nondet_0_4_hmax, workdir experiment-output, timeout 300.0
[2023-12-14 00:03:49,831][INFO]: Nb Services: 4
[2023-12-14 00:03:49,831][INFO]: Goal: F(assemble_motor) & (!assemble_motor U build_rotor) & (!assemble_motor U build_stator) & (!assemble_motor U build_inverter)
[2023-12-14 00:03:49,832][INFO]: Running command: /home/ubuntu/workfolder/ltlf-goal-oriented-service-composition/scripts/run.sh /tmp/tmpfv7eyv39/domain.pddl /tmp/tmpfv7eyv39/problem.pddl TB 4 mynd -heuristic hmax -exportDot /tmp/tmpfv7eyv39/policy.dot -dumpPlan
[2023-12-14 00:08:49,835][INFO]: Command returned. Total time: 300.00 seconds
[2023-12-14 00:08:50,085][INFO]: Done!
[2023-12-14 00:08:50,086][INFO]: Combination (<ActionMode.MODE_4: '4'>, <Heuristic.HMAX: 'hmax'>) timed out with n=0, not continuing with this configuration...
[2023-12-14 00:08:50,086][INFO]: Running experiment electric_motor_nondet_0_4_ff, workdir experiment-output, timeout 300.0
[2023-12-14 00:08:50,086][INFO]: Nb Services: 4
[2023-12-14 00:08:50,086][INFO]: Goal: F(assemble_motor) & (!assemble_motor U build_rotor) & (!assemble_motor U build_stator) & (!assemble_motor U build_inverter)
[2023-12-14 00:08:50,088][INFO]: Running command: /home/ubuntu/workfolder/ltlf-goal-oriented-service-composition/scripts/run.sh /tmp/tmp3q4773u2/domain.pddl /tmp/tmp3q4773u2/problem.pddl TB 4 mynd -heuristic ff -exportDot /tmp/tmp3q4773u2/policy.dot -dumpPlan
[2023-12-14 00:13:50,090][INFO]: Command returned. Total time: 300.00 seconds
[2023-12-14 00:13:50,432][INFO]: Done!
[2023-12-14 00:13:50,433][INFO]: Combination (<ActionMode.MODE_4: '4'>, <Heuristic.FF: 'ff'>) timed out with n=0, not continuing with this configuration...
[2023-12-14 00:13:50,433][INFO]: Running experiment electric_motor_nondet_0_1_hmax, workdir experiment-output, timeout 300.0
[2023-12-14 00:13:50,433][INFO]: Nb Services: 4
[2023-12-14 00:13:50,433][INFO]: Goal: F(assemble_motor) & (!assemble_motor U build_rotor) & (!assemble_motor U build_stator) & (!assemble_motor U build_inverter)
[2023-12-14 00:13:50,434][INFO]: Running command: /home/ubuntu/workfolder/ltlf-goal-oriented-service-composition/scripts/run.sh /tmp/tmpykezfux7/domain.pddl /tmp/tmpykezfux7/problem.pddl TB 1 mynd -heuristic hmax -exportDot /tmp/tmpykezfux7/policy.dot -dumpPlan
[2023-12-14 00:18:50,436][INFO]: Command returned. Total time: 300.00 seconds
[2023-12-14 00:18:50,651][INFO]: Done!
[2023-12-14 00:18:50,651][INFO]: Combination (<ActionMode.MODE_1: '1'>, <Heuristic.HMAX: 'hmax'>) timed out with n=0, not continuing with this configuration...
[2023-12-14 00:18:50,651][INFO]: Running experiment electric_motor_nondet_0_1_ff, workdir experiment-output, timeout 300.0
[2023-12-14 00:18:50,651][INFO]: Nb Services: 4
[2023-12-14 00:18:50,651][INFO]: Goal: F(assemble_motor) & (!assemble_motor U build_rotor) & (!assemble_motor U build_stator) & (!assemble_motor U build_inverter)
[2023-12-14 00:18:50,653][INFO]: Running command: /home/ubuntu/workfolder/ltlf-goal-oriented-service-composition/scripts/run.sh /tmp/tmpl25f8d99/domain.pddl /tmp/tmpl25f8d99/problem.pddl TB 1 mynd -heuristic ff -exportDot /tmp/tmpl25f8d99/policy.dot -dumpPlan
[2023-12-14 00:23:50,655][INFO]: Command returned. Total time: 300.00 seconds
[2023-12-14 00:23:50,889][INFO]: Done!
[2023-12-14 00:23:50,890][INFO]: Combination (<ActionMode.MODE_1: '1'>, <Heuristic.FF: 'ff'>) timed out with n=0, not continuing with this configuration...
[2023-12-14 00:23:50,890][INFO]: Running experiment electric_motor_nondet_1_2_hmax, workdir experiment-output, timeout 300.0
[2023-12-14 00:23:50,890][INFO]: Nb Services: 4
[2023-12-14 00:23:50,890][INFO]: Goal: F(assemble_motor) & (!assemble_motor U build_rotor) & (!assemble_motor U build_stator) & (!assemble_motor U build_inverter)
[2023-12-14 00:23:50,892][INFO]: Running command: /home/ubuntu/workfolder/ltlf-goal-oriented-service-composition/scripts/run.sh /tmp/tmp_nood67e/domain.pddl /tmp/tmp_nood67e/problem.pddl TB 2 mynd -heuristic hmax -exportDot /tmp/tmp_nood67e/policy.dot -dumpPlan
[2023-12-14 00:24:50,699][INFO]: Command returned. Total time: 59.81 seconds
[2023-12-14 00:24:50,702][INFO]: Done!
[2023-12-14 00:24:50,702][INFO]: Running experiment electric_motor_nondet_1_2_ff, workdir experiment-output, timeout 300.0
[2023-12-14 00:24:50,703][INFO]: Nb Services: 4
[2023-12-14 00:24:50,703][INFO]: Goal: F(assemble_motor) & (!assemble_motor U build_rotor) & (!assemble_motor U build_stator) & (!assemble_motor U build_inverter)
[2023-12-14 00:24:50,706][INFO]: Running command: /home/ubuntu/workfolder/ltlf-goal-oriented-service-composition/scripts/run.sh /tmp/tmprzwoe2rb/domain.pddl /tmp/tmprzwoe2rb/problem.pddl TB 2 mynd -heuristic ff -exportDot /tmp/tmprzwoe2rb/policy.dot -dumpPlan
[2023-12-14 00:25:55,009][INFO]: Command returned. Total time: 64.30 seconds
[2023-12-14 00:25:55,011][INFO]: Done!
[2023-12-14 00:25:55,012][INFO]: Skipping configuration (<ActionMode.MODE_3: '3'>, <Heuristic.HMAX: 'hmax'>) for n=1
[2023-12-14 00:25:55,012][INFO]: Skipping configuration (<ActionMode.MODE_3: '3'>, <Heuristic.FF: 'ff'>) for n=1
[2023-12-14 00:25:55,012][INFO]: Skipping configuration (<ActionMode.MODE_4: '4'>, <Heuristic.HMAX: 'hmax'>) for n=1
[2023-12-14 00:25:55,012][INFO]: Skipping configuration (<ActionMode.MODE_4: '4'>, <Heuristic.FF: 'ff'>) for n=1
[2023-12-14 00:25:55,012][INFO]: Skipping configuration (<ActionMode.MODE_1: '1'>, <Heuristic.HMAX: 'hmax'>) for n=1
[2023-12-14 00:25:55,012][INFO]: Skipping configuration (<ActionMode.MODE_1: '1'>, <Heuristic.FF: 'ff'>) for n=1
[2023-12-14 00:25:55,012][INFO]: Running experiment electric_motor_nondet_2_2_hmax, workdir experiment-output, timeout 300.0
[2023-12-14 00:25:55,012][INFO]: Nb Services: 4
[2023-12-14 00:25:55,013][INFO]: Goal: F(assemble_motor) & (!assemble_motor U build_rotor) & (!assemble_motor U build_stator) & (!assemble_motor U build_inverter)
[2023-12-14 00:25:55,015][INFO]: Running command: /home/ubuntu/workfolder/ltlf-goal-oriented-service-composition/scripts/run.sh /tmp/tmp287l4quk/domain.pddl /tmp/tmp287l4quk/problem.pddl TB 2 mynd -heuristic hmax -exportDot /tmp/tmp287l4quk/policy.dot -dumpPlan
[2023-12-14 00:27:26,818][INFO]: Command returned. Total time: 91.80 seconds
[2023-12-14 00:27:26,819][INFO]: Done!
[2023-12-14 00:27:26,819][INFO]: Running experiment electric_motor_nondet_2_2_ff, workdir experiment-output, timeout 300.0
[2023-12-14 00:27:26,820][INFO]: Nb Services: 4
[2023-12-14 00:27:26,820][INFO]: Goal: F(assemble_motor) & (!assemble_motor U build_rotor) & (!assemble_motor U build_stator) & (!assemble_motor U build_inverter)
[2023-12-14 00:27:26,821][INFO]: Running command: /home/ubuntu/workfolder/ltlf-goal-oriented-service-composition/scripts/run.sh /tmp/tmp1qltgbl2/domain.pddl /tmp/tmp1qltgbl2/problem.pddl TB 2 mynd -heuristic ff -exportDot /tmp/tmp1qltgbl2/policy.dot -dumpPlan
[2023-12-14 00:30:08,516][INFO]: Command returned. Total time: 161.69 seconds
[2023-12-14 00:30:08,518][INFO]: Done!
[2023-12-14 00:30:08,519][INFO]: Skipping configuration (<ActionMode.MODE_3: '3'>, <Heuristic.HMAX: 'hmax'>) for n=2
[2023-12-14 00:30:08,519][INFO]: Skipping configuration (<ActionMode.MODE_3: '3'>, <Heuristic.FF: 'ff'>) for n=2
[2023-12-14 00:30:08,519][INFO]: Skipping configuration (<ActionMode.MODE_4: '4'>, <Heuristic.HMAX: 'hmax'>) for n=2
[2023-12-14 00:30:08,519][INFO]: Skipping configuration (<ActionMode.MODE_4: '4'>, <Heuristic.FF: 'ff'>) for n=2
[2023-12-14 00:30:08,519][INFO]: Skipping configuration (<ActionMode.MODE_1: '1'>, <Heuristic.HMAX: 'hmax'>) for n=2
[2023-12-14 00:30:08,519][INFO]: Skipping configuration (<ActionMode.MODE_1: '1'>, <Heuristic.FF: 'ff'>) for n=2
[2023-12-14 00:30:08,519][INFO]: Running experiment electric_motor_nondet_3_2_hmax, workdir experiment-output, timeout 300.0
[2023-12-14 00:30:08,519][INFO]: Nb Services: 4
[2023-12-14 00:30:08,519][INFO]: Goal: F(assemble_motor) & (!assemble_motor U build_rotor) & (!assemble_motor U build_stator) & (!assemble_motor U build_inverter)
[2023-12-14 00:30:08,522][INFO]: Running command: /home/ubuntu/workfolder/ltlf-goal-oriented-service-composition/scripts/run.sh /tmp/tmp61o133_1/domain.pddl /tmp/tmp61o133_1/problem.pddl TB 2 mynd -heuristic hmax -exportDot /tmp/tmp61o133_1/policy.dot -dumpPlan
[2023-12-14 00:34:32,330][INFO]: Command returned. Total time: 263.81 seconds
[2023-12-14 00:34:32,332][INFO]: Done!
[2023-12-14 00:34:32,332][INFO]: Running experiment electric_motor_nondet_3_2_ff, workdir experiment-output, timeout 300.0
[2023-12-14 00:34:32,332][INFO]: Nb Services: 4
[2023-12-14 00:34:32,332][INFO]: Goal: F(assemble_motor) & (!assemble_motor U build_rotor) & (!assemble_motor U build_stator) & (!assemble_motor U build_inverter)
[2023-12-14 00:34:32,333][INFO]: Running command: /home/ubuntu/workfolder/ltlf-goal-oriented-service-composition/scripts/run.sh /tmp/tmpqhxlh32r/domain.pddl /tmp/tmpqhxlh32r/problem.pddl TB 2 mynd -heuristic ff -exportDot /tmp/tmpqhxlh32r/policy.dot -dumpPlan
[2023-12-14 00:39:32,336][INFO]: Command returned. Total time: 300.00 seconds
[2023-12-14 00:39:32,888][INFO]: Done!
[2023-12-14 00:39:32,888][INFO]: Combination (<ActionMode.MODE_2: '2'>, <Heuristic.FF: 'ff'>) timed out with n=3, not continuing with this configuration...
[2023-12-14 00:39:32,888][INFO]: Skipping configuration (<ActionMode.MODE_3: '3'>, <Heuristic.HMAX: 'hmax'>) for n=3
[2023-12-14 00:39:32,888][INFO]: Skipping configuration (<ActionMode.MODE_3: '3'>, <Heuristic.FF: 'ff'>) for n=3
[2023-12-14 00:39:32,888][INFO]: Skipping configuration (<ActionMode.MODE_4: '4'>, <Heuristic.HMAX: 'hmax'>) for n=3
[2023-12-14 00:39:32,888][INFO]: Skipping configuration (<ActionMode.MODE_4: '4'>, <Heuristic.FF: 'ff'>) for n=3
[2023-12-14 00:39:32,889][INFO]: Skipping configuration (<ActionMode.MODE_1: '1'>, <Heuristic.HMAX: 'hmax'>) for n=3
[2023-12-14 00:39:32,889][INFO]: Skipping configuration (<ActionMode.MODE_1: '1'>, <Heuristic.FF: 'ff'>) for n=3
[2023-12-14 00:39:33,091][INFO]: Running experiment chip_production_len_1_2_hmax, workdir experiment-output, timeout 300.0
[2023-12-14 00:39:33,091][INFO]: Nb Services: 1
[2023-12-14 00:39:33,091][INFO]: Goal: F(cleaning)
[2023-12-14 00:39:33,093][INFO]: Running command: /home/ubuntu/workfolder/ltlf-goal-oriented-service-composition/scripts/run.sh /tmp/tmp3_4x39at/domain.pddl /tmp/tmp3_4x39at/problem.pddl TB 2 mynd -heuristic hmax -exportDot /tmp/tmp3_4x39at/policy.dot -dumpPlan
[2023-12-14 00:39:39,731][INFO]: Command returned. Total time: 6.64 seconds
[2023-12-14 00:39:39,733][INFO]: Done!
[2023-12-14 00:39:39,734][INFO]: Running experiment chip_production_len_1_2_ff, workdir experiment-output, timeout 300.0
[2023-12-14 00:39:39,734][INFO]: Nb Services: 1
[2023-12-14 00:39:39,734][INFO]: Goal: F(cleaning)
[2023-12-14 00:39:39,736][INFO]: Running command: /home/ubuntu/workfolder/ltlf-goal-oriented-service-composition/scripts/run.sh /tmp/tmpadoy7vj1/domain.pddl /tmp/tmpadoy7vj1/problem.pddl TB 2 mynd -heuristic ff -exportDot /tmp/tmpadoy7vj1/policy.dot -dumpPlan
[2023-12-14 00:39:46,575][INFO]: Command returned. Total time: 6.84 seconds
[2023-12-14 00:39:46,576][INFO]: Done!
[2023-12-14 00:39:46,577][INFO]: Running experiment chip_production_len_1_3_hmax, workdir experiment-output, timeout 300.0
[2023-12-14 00:39:46,577][INFO]: Nb Services: 1
[2023-12-14 00:39:46,577][INFO]: Goal: F(cleaning)
[2023-12-14 00:39:46,578][INFO]: Running command: /home/ubuntu/workfolder/ltlf-goal-oriented-service-composition/scripts/run.sh /tmp/tmph3i8ijhk/domain.pddl /tmp/tmph3i8ijhk/problem.pddl TB 3 mynd -heuristic hmax -exportDot /tmp/tmph3i8ijhk/policy.dot -dumpPlan
[2023-12-14 00:39:52,061][INFO]: Command returned. Total time: 5.48 seconds
[2023-12-14 00:39:52,061][INFO]: Done!
[2023-12-14 00:39:52,062][INFO]: Running experiment chip_production_len_1_3_ff, workdir experiment-output, timeout 300.0
[2023-12-14 00:39:52,062][INFO]: Nb Services: 1
[2023-12-14 00:39:52,062][INFO]: Goal: F(cleaning)
[2023-12-14 00:39:52,063][INFO]: Running command: /home/ubuntu/workfolder/ltlf-goal-oriented-service-composition/scripts/run.sh /tmp/tmpuzy3sdb9/domain.pddl /tmp/tmpuzy3sdb9/problem.pddl TB 3 mynd -heuristic ff -exportDot /tmp/tmpuzy3sdb9/policy.dot -dumpPlan
[2023-12-14 00:39:57,545][INFO]: Command returned. Total time: 5.48 seconds
[2023-12-14 00:39:57,546][INFO]: Done!
[2023-12-14 00:39:57,547][INFO]: Running experiment chip_production_len_1_4_hmax, workdir experiment-output, timeout 300.0
[2023-12-14 00:39:57,547][INFO]: Nb Services: 1
[2023-12-14 00:39:57,547][INFO]: Goal: F(cleaning)
[2023-12-14 00:39:57,547][INFO]: Running command: /home/ubuntu/workfolder/ltlf-goal-oriented-service-composition/scripts/run.sh /tmp/tmp526f9xql/domain.pddl /tmp/tmp526f9xql/problem.pddl TB 4 mynd -heuristic hmax -exportDot /tmp/tmp526f9xql/policy.dot -dumpPlan
[2023-12-14 00:40:04,992][INFO]: Command returned. Total time: 7.44 seconds
[2023-12-14 00:40:04,994][INFO]: Done!
[2023-12-14 00:40:04,994][INFO]: Running experiment chip_production_len_1_4_ff, workdir experiment-output, timeout 300.0
[2023-12-14 00:40:04,995][INFO]: Nb Services: 1
[2023-12-14 00:40:04,995][INFO]: Goal: F(cleaning)
[2023-12-14 00:40:04,996][INFO]: Running command: /home/ubuntu/workfolder/ltlf-goal-oriented-service-composition/scripts/run.sh /tmp/tmp69s4xdln/domain.pddl /tmp/tmp69s4xdln/problem.pddl TB 4 mynd -heuristic ff -exportDot /tmp/tmp69s4xdln/policy.dot -dumpPlan
[2023-12-14 00:40:13,543][INFO]: Command returned. Total time: 8.55 seconds
[2023-12-14 00:40:13,545][INFO]: Done!
[2023-12-14 00:40:13,545][INFO]: Running experiment chip_production_len_1_1_hmax, workdir experiment-output, timeout 300.0
[2023-12-14 00:40:13,546][INFO]: Nb Services: 1
[2023-12-14 00:40:13,546][INFO]: Goal: F(cleaning)
[2023-12-14 00:40:13,547][INFO]: Running command: /home/ubuntu/workfolder/ltlf-goal-oriented-service-composition/scripts/run.sh /tmp/tmp428ql9d2/domain.pddl /tmp/tmp428ql9d2/problem.pddl TB 1 mynd -heuristic hmax -exportDot /tmp/tmp428ql9d2/policy.dot -dumpPlan
[2023-12-14 00:40:19,835][INFO]: Command returned. Total time: 6.29 seconds
[2023-12-14 00:40:19,837][INFO]: Done!
[2023-12-14 00:40:19,837][INFO]: Running experiment chip_production_len_1_1_ff, workdir experiment-output, timeout 300.0
[2023-12-14 00:40:19,838][INFO]: Nb Services: 1
[2023-12-14 00:40:19,838][INFO]: Goal: F(cleaning)
[2023-12-14 00:40:19,839][INFO]: Running command: /home/ubuntu/workfolder/ltlf-goal-oriented-service-composition/scripts/run.sh /tmp/tmp66zwartc/domain.pddl /tmp/tmp66zwartc/problem.pddl TB 1 mynd -heuristic ff -exportDot /tmp/tmp66zwartc/policy.dot -dumpPlan
[2023-12-14 00:40:26,327][INFO]: Command returned. Total time: 6.49 seconds
[2023-12-14 00:40:26,329][INFO]: Done!
[2023-12-14 00:40:26,329][INFO]: Running experiment chip_production_len_2_2_hmax, workdir experiment-output, timeout 300.0
[2023-12-14 00:40:26,330][INFO]: Nb Services: 2
[2023-12-14 00:40:26,330][INFO]: Goal: F(cleaning & !film_deposition & F(film_deposition & !cleaning))
[2023-12-14 00:40:26,331][INFO]: Running command: /home/ubuntu/workfolder/ltlf-goal-oriented-service-composition/scripts/run.sh /tmp/tmpwwxkt64_/domain.pddl /tmp/tmpwwxkt64_/problem.pddl TB 2 mynd -heuristic hmax -exportDot /tmp/tmpwwxkt64_/policy.dot -dumpPlan
[2023-12-14 00:40:37,735][INFO]: Command returned. Total time: 11.40 seconds
[2023-12-14 00:40:37,736][INFO]: Done!
[2023-12-14 00:40:37,737][INFO]: Running experiment chip_production_len_2_2_ff, workdir experiment-output, timeout 300.0
[2023-12-14 00:40:37,737][INFO]: Nb Services: 2
[2023-12-14 00:40:37,737][INFO]: Goal: F(cleaning & !film_deposition & F(film_deposition & !cleaning))
[2023-12-14 00:40:37,738][INFO]: Running command: /home/ubuntu/workfolder/ltlf-goal-oriented-service-composition/scripts/run.sh /tmp/tmpnys03b3g/domain.pddl /tmp/tmpnys03b3g/problem.pddl TB 2 mynd -heuristic ff -exportDot /tmp/tmpnys03b3g/policy.dot -dumpPlan
[2023-12-14 00:40:49,493][INFO]: Command returned. Total time: 11.75 seconds
[2023-12-14 00:40:49,495][INFO]: Done!
[2023-12-14 00:40:49,496][INFO]: Running experiment chip_production_len_2_3_hmax, workdir experiment-output, timeout 300.0
[2023-12-14 00:40:49,496][INFO]: Nb Services: 2
[2023-12-14 00:40:49,496][INFO]: Goal: F(cleaning & !film_deposition & F(film_deposition & !cleaning))
[2023-12-14 00:40:49,497][INFO]: Running command: /home/ubuntu/workfolder/ltlf-goal-oriented-service-composition/scripts/run.sh /tmp/tmpv909o5vh/domain.pddl /tmp/tmpv909o5vh/problem.pddl TB 3 mynd -heuristic hmax -exportDot /tmp/tmpv909o5vh/policy.dot -dumpPlan
[2023-12-14 00:40:59,550][INFO]: Command returned. Total time: 10.05 seconds
[2023-12-14 00:40:59,552][INFO]: Done!
[2023-12-14 00:40:59,552][INFO]: Running experiment chip_production_len_2_3_ff, workdir experiment-output, timeout 300.0
[2023-12-14 00:40:59,552][INFO]: Nb Services: 2
[2023-12-14 00:40:59,552][INFO]: Goal: F(cleaning & !film_deposition & F(film_deposition & !cleaning))
[2023-12-14 00:40:59,553][INFO]: Running command: /home/ubuntu/workfolder/ltlf-goal-oriented-service-composition/scripts/run.sh /tmp/tmp_xnf4g29/domain.pddl /tmp/tmp_xnf4g29/problem.pddl TB 3 mynd -heuristic ff -exportDot /tmp/tmp_xnf4g29/policy.dot -dumpPlan
[2023-12-14 00:41:08,348][INFO]: Command returned. Total time: 8.79 seconds
[2023-12-14 00:41:08,350][INFO]: Done!
[2023-12-14 00:41:08,350][INFO]: Running experiment chip_production_len_2_4_hmax, workdir experiment-output, timeout 300.0
[2023-12-14 00:41:08,351][INFO]: Nb Services: 2
[2023-12-14 00:41:08,351][INFO]: Goal: F(cleaning & !film_deposition & F(film_deposition & !cleaning))
[2023-12-14 00:41:08,352][INFO]: Running command: /home/ubuntu/workfolder/ltlf-goal-oriented-service-composition/scripts/run.sh /tmp/tmp937vit23/domain.pddl /tmp/tmp937vit23/problem.pddl TB 4 mynd -heuristic hmax -exportDot /tmp/tmp937vit23/policy.dot -dumpPlan
[2023-12-14 00:41:19,056][INFO]: Command returned. Total time: 10.70 seconds
[2023-12-14 00:41:19,059][INFO]: Done!
[2023-12-14 00:41:19,060][INFO]: Running experiment chip_production_len_2_4_ff, workdir experiment-output, timeout 300.0
[2023-12-14 00:41:19,060][INFO]: Nb Services: 2
[2023-12-14 00:41:19,060][INFO]: Goal: F(cleaning & !film_deposition & F(film_deposition & !cleaning))
[2023-12-14 00:41:19,063][INFO]: Running command: /home/ubuntu/workfolder/ltlf-goal-oriented-service-composition/scripts/run.sh /tmp/tmpm6i_86u1/domain.pddl /tmp/tmpm6i_86u1/problem.pddl TB 4 mynd -heuristic ff -exportDot /tmp/tmpm6i_86u1/policy.dot -dumpPlan
[2023-12-14 00:41:30,416][INFO]: Command returned. Total time: 11.35 seconds
[2023-12-14 00:41:30,418][INFO]: Done!
[2023-12-14 00:41:30,418][INFO]: Running experiment chip_production_len_2_1_hmax, workdir experiment-output, timeout 300.0
[2023-12-14 00:41:30,418][INFO]: Nb Services: 2
[2023-12-14 00:41:30,418][INFO]: Goal: F(cleaning & !film_deposition & F(film_deposition & !cleaning))
[2023-12-14 00:41:30,420][INFO]: Running command: /home/ubuntu/workfolder/ltlf-goal-oriented-service-composition/scripts/run.sh /tmp/tmp7tg_73v3/domain.pddl /tmp/tmp7tg_73v3/problem.pddl TB 1 mynd -heuristic hmax -exportDot /tmp/tmp7tg_73v3/policy.dot -dumpPlan
[2023-12-14 00:41:41,023][INFO]: Command returned. Total time: 10.60 seconds
[2023-12-14 00:41:41,025][INFO]: Done!
[2023-12-14 00:41:41,026][INFO]: Running experiment chip_production_len_2_1_ff, workdir experiment-output, timeout 300.0
[2023-12-14 00:41:41,026][INFO]: Nb Services: 2
[2023-12-14 00:41:41,027][INFO]: Goal: F(cleaning & !film_deposition & F(film_deposition & !cleaning))
[2023-12-14 00:41:41,028][INFO]: Running command: /home/ubuntu/workfolder/ltlf-goal-oriented-service-composition/scripts/run.sh /tmp/tmpc1p44549/domain.pddl /tmp/tmpc1p44549/problem.pddl TB 1 mynd -heuristic ff -exportDot /tmp/tmpc1p44549/policy.dot -dumpPlan
[2023-12-14 00:41:50,376][INFO]: Command returned. Total time: 9.35 seconds
[2023-12-14 00:41:50,378][INFO]: Done!
[2023-12-14 00:41:50,379][INFO]: Running experiment chip_production_len_3_2_hmax, workdir experiment-output, timeout 300.0
[2023-12-14 00:41:50,379][INFO]: Nb Services: 3
[2023-12-14 00:41:50,379][INFO]: Goal: F(cleaning & !film_deposition & !resist_coating & F(film_deposition & !cleaning & !resist_coating & F(resist_coating & !cleaning & !film_deposition)))
[2023-12-14 00:41:50,381][INFO]: Running command: /home/ubuntu/workfolder/ltlf-goal-oriented-service-composition/scripts/run.sh /tmp/tmpwmbz817h/domain.pddl /tmp/tmpwmbz817h/problem.pddl TB 2 mynd -heuristic hmax -exportDot /tmp/tmpwmbz817h/policy.dot -dumpPlan
[2023-12-14 00:42:02,339][INFO]: Command returned. Total time: 11.96 seconds
[2023-12-14 00:42:02,341][INFO]: Done!
[2023-12-14 00:42:02,342][INFO]: Running experiment chip_production_len_3_2_ff, workdir experiment-output, timeout 300.0
[2023-12-14 00:42:02,342][INFO]: Nb Services: 3
[2023-12-14 00:42:02,342][INFO]: Goal: F(cleaning & !film_deposition & !resist_coating & F(film_deposition & !cleaning & !resist_coating & F(resist_coating & !cleaning & !film_deposition)))
[2023-12-14 00:42:02,344][INFO]: Running command: /home/ubuntu/workfolder/ltlf-goal-oriented-service-composition/scripts/run.sh /tmp/tmp3ftgbqfe/domain.pddl /tmp/tmp3ftgbqfe/problem.pddl TB 2 mynd -heuristic ff -exportDot /tmp/tmp3ftgbqfe/policy.dot -dumpPlan
[2023-12-14 00:42:17,059][INFO]: Command returned. Total time: 14.71 seconds
[2023-12-14 00:42:17,061][INFO]: Done!
[2023-12-14 00:42:17,062][INFO]: Running experiment chip_production_len_3_3_hmax, workdir experiment-output, timeout 300.0
[2023-12-14 00:42:17,062][INFO]: Nb Services: 3
[2023-12-14 00:42:17,062][INFO]: Goal: F(cleaning & !film_deposition & !resist_coating & F(film_deposition & !cleaning & !resist_coating & F(resist_coating & !cleaning & !film_deposition)))
[2023-12-14 00:42:17,065][INFO]: Running command: /home/ubuntu/workfolder/ltlf-goal-oriented-service-composition/scripts/run.sh /tmp/tmptytqjdio/domain.pddl /tmp/tmptytqjdio/problem.pddl TB 3 mynd -heuristic hmax -exportDot /tmp/tmptytqjdio/policy.dot -dumpPlan
[2023-12-14 00:44:26,727][INFO]: Command returned. Total time: 129.66 seconds
[2023-12-14 00:44:26,729][INFO]: Done!
[2023-12-14 00:44:26,729][INFO]: Running experiment chip_production_len_3_3_ff, workdir experiment-output, timeout 300.0
[2023-12-14 00:44:26,730][INFO]: Nb Services: 3
[2023-12-14 00:44:26,730][INFO]: Goal: F(cleaning & !film_deposition & !resist_coating & F(film_deposition & !cleaning & !resist_coating & F(resist_coating & !cleaning & !film_deposition)))
[2023-12-14 00:44:26,732][INFO]: Running command: /home/ubuntu/workfolder/ltlf-goal-oriented-service-composition/scripts/run.sh /tmp/tmpx5zmtfr5/domain.pddl /tmp/tmpx5zmtfr5/problem.pddl TB 3 mynd -heuristic ff -exportDot /tmp/tmpx5zmtfr5/policy.dot -dumpPlan
[2023-12-14 00:46:45,341][INFO]: Command returned. Total time: 138.61 seconds
[2023-12-14 00:46:45,343][INFO]: Done!
[2023-12-14 00:46:45,343][INFO]: Running experiment chip_production_len_3_4_hmax, workdir experiment-output, timeout 300.0
[2023-12-14 00:46:45,344][INFO]: Nb Services: 3
[2023-12-14 00:46:45,344][INFO]: Goal: F(cleaning & !film_deposition & !resist_coating & F(film_deposition & !cleaning & !resist_coating & F(resist_coating & !cleaning & !film_deposition)))
[2023-12-14 00:46:45,347][INFO]: Running command: /home/ubuntu/workfolder/ltlf-goal-oriented-service-composition/scripts/run.sh /tmp/tmp68n_mgk0/domain.pddl /tmp/tmp68n_mgk0/problem.pddl TB 4 mynd -heuristic hmax -exportDot /tmp/tmp68n_mgk0/policy.dot -dumpPlan
[2023-12-14 00:47:06,988][INFO]: Command returned. Total time: 21.64 seconds
[2023-12-14 00:47:06,990][INFO]: Done!
[2023-12-14 00:47:06,991][INFO]: Running experiment chip_production_len_3_4_ff, workdir experiment-output, timeout 300.0
[2023-12-14 00:47:06,991][INFO]: Nb Services: 3
[2023-12-14 00:47:06,991][INFO]: Goal: F(cleaning & !film_deposition & !resist_coating & F(film_deposition & !cleaning & !resist_coating & F(resist_coating & !cleaning & !film_deposition)))
[2023-12-14 00:47:06,994][INFO]: Running command: /home/ubuntu/workfolder/ltlf-goal-oriented-service-composition/scripts/run.sh /tmp/tmpklhmcmnf/domain.pddl /tmp/tmpklhmcmnf/problem.pddl TB 4 mynd -heuristic ff -exportDot /tmp/tmpklhmcmnf/policy.dot -dumpPlan
[2023-12-14 00:47:29,029][INFO]: Command returned. Total time: 22.03 seconds
[2023-12-14 00:47:29,031][INFO]: Done!
[2023-12-14 00:47:29,031][INFO]: Running experiment chip_production_len_3_1_hmax, workdir experiment-output, timeout 300.0
[2023-12-14 00:47:29,031][INFO]: Nb Services: 3
[2023-12-14 00:47:29,031][INFO]: Goal: F(cleaning & !film_deposition & !resist_coating & F(film_deposition & !cleaning & !resist_coating & F(resist_coating & !cleaning & !film_deposition)))
[2023-12-14 00:47:29,033][INFO]: Running command: /home/ubuntu/workfolder/ltlf-goal-oriented-service-composition/scripts/run.sh /tmp/tmp__xt9zix/domain.pddl /tmp/tmp__xt9zix/problem.pddl TB 1 mynd -heuristic hmax -exportDot /tmp/tmp__xt9zix/policy.dot -dumpPlan
[2023-12-14 00:49:18,863][INFO]: Command returned. Total time: 109.83 seconds
[2023-12-14 00:49:18,864][INFO]: Done!
[2023-12-14 00:49:18,865][INFO]: Running experiment chip_production_len_3_1_ff, workdir experiment-output, timeout 300.0
[2023-12-14 00:49:18,865][INFO]: Nb Services: 3
[2023-12-14 00:49:18,865][INFO]: Goal: F(cleaning & !film_deposition & !resist_coating & F(film_deposition & !cleaning & !resist_coating & F(resist_coating & !cleaning & !film_deposition)))
[2023-12-14 00:49:18,868][INFO]: Running command: /home/ubuntu/workfolder/ltlf-goal-oriented-service-composition/scripts/run.sh /tmp/tmppq5wocrt/domain.pddl /tmp/tmppq5wocrt/problem.pddl TB 1 mynd -heuristic ff -exportDot /tmp/tmppq5wocrt/policy.dot -dumpPlan
[2023-12-14 00:50:55,479][INFO]: Command returned. Total time: 96.61 seconds
[2023-12-14 00:50:55,480][INFO]: Done!
[2023-12-14 00:50:55,481][INFO]: Running experiment chip_production_len_4_2_hmax, workdir experiment-output, timeout 300.0
[2023-12-14 00:50:55,481][INFO]: Nb Services: 4
[2023-12-14 00:50:55,481][INFO]: Goal: F(cleaning & !film_deposition & !resist_coating & !exposure & F(film_deposition & !cleaning & !resist_coating & !exposure & F(resist_coating & !cleaning & !film_deposition & !exposure & F(exposure & !cleaning & !film_deposition & !resist_coating))))
[2023-12-14 00:50:55,484][INFO]: Running command: /home/ubuntu/workfolder/ltlf-goal-oriented-service-composition/scripts/run.sh /tmp/tmpcicifq9c/domain.pddl /tmp/tmpcicifq9c/problem.pddl TB 2 mynd -heuristic hmax -exportDot /tmp/tmpcicifq9c/policy.dot -dumpPlan
[2023-12-14 00:51:13,108][INFO]: Command returned. Total time: 17.62 seconds
[2023-12-14 00:51:13,111][INFO]: Done!
[2023-12-14 00:51:13,111][INFO]: Running experiment chip_production_len_4_2_ff, workdir experiment-output, timeout 300.0
[2023-12-14 00:51:13,112][INFO]: Nb Services: 4
[2023-12-14 00:51:13,112][INFO]: Goal: F(cleaning & !film_deposition & !resist_coating & !exposure & F(film_deposition & !cleaning & !resist_coating & !exposure & F(resist_coating & !cleaning & !film_deposition & !exposure & F(exposure & !cleaning & !film_deposition & !resist_coating))))
[2023-12-14 00:51:13,116][INFO]: Running command: /home/ubuntu/workfolder/ltlf-goal-oriented-service-composition/scripts/run.sh /tmp/tmp9w8zuzr2/domain.pddl /tmp/tmp9w8zuzr2/problem.pddl TB 2 mynd -heuristic ff -exportDot /tmp/tmp9w8zuzr2/policy.dot -dumpPlan
[2023-12-14 00:51:32,790][INFO]: Command returned. Total time: 19.67 seconds
[2023-12-14 00:51:32,801][INFO]: Done!
[2023-12-14 00:51:32,801][INFO]: Running experiment chip_production_len_4_3_hmax, workdir experiment-output, timeout 300.0
[2023-12-14 00:51:32,801][INFO]: Nb Services: 4
[2023-12-14 00:51:32,801][INFO]: Goal: F(cleaning & !film_deposition & !resist_coating & !exposure & F(film_deposition & !cleaning & !resist_coating & !exposure & F(resist_coating & !cleaning & !film_deposition & !exposure & F(exposure & !cleaning & !film_deposition & !resist_coating))))
[2023-12-14 00:51:32,804][INFO]: Running command: /home/ubuntu/workfolder/ltlf-goal-oriented-service-composition/scripts/run.sh /tmp/tmpad10497a/domain.pddl /tmp/tmpad10497a/problem.pddl TB 3 mynd -heuristic hmax -exportDot /tmp/tmpad10497a/policy.dot -dumpPlan
[2023-12-14 00:56:32,806][INFO]: Command returned. Total time: 300.00 seconds
[2023-12-14 00:56:33,115][INFO]: Done!
[2023-12-14 00:56:33,116][INFO]: Combination (<ActionMode.MODE_3: '3'>, <Heuristic.HMAX: 'hmax'>) timed out with n=4, not continuing with this configuration...
[2023-12-14 00:56:33,116][INFO]: Running experiment chip_production_len_4_3_ff, workdir experiment-output, timeout 300.0
[2023-12-14 00:56:33,116][INFO]: Nb Services: 4
[2023-12-14 00:56:33,116][INFO]: Goal: F(cleaning & !film_deposition & !resist_coating & !exposure & F(film_deposition & !cleaning & !resist_coating & !exposure & F(resist_coating & !cleaning & !film_deposition & !exposure & F(exposure & !cleaning & !film_deposition & !resist_coating))))
[2023-12-14 00:56:33,119][INFO]: Running command: /home/ubuntu/workfolder/ltlf-goal-oriented-service-composition/scripts/run.sh /tmp/tmpi22163nt/domain.pddl /tmp/tmpi22163nt/problem.pddl TB 3 mynd -heuristic ff -exportDot /tmp/tmpi22163nt/policy.dot -dumpPlan
[2023-12-14 01:01:33,121][INFO]: Command returned. Total time: 300.00 seconds
[2023-12-14 01:01:33,665][INFO]: Done!
[2023-12-14 01:01:33,665][INFO]: Combination (<ActionMode.MODE_3: '3'>, <Heuristic.FF: 'ff'>) timed out with n=4, not continuing with this configuration...
[2023-12-14 01:01:33,665][INFO]: Running experiment chip_production_len_4_4_hmax, workdir experiment-output, timeout 300.0
[2023-12-14 01:01:33,665][INFO]: Nb Services: 4
[2023-12-14 01:01:33,665][INFO]: Goal: F(cleaning & !film_deposition & !resist_coating & !exposure & F(film_deposition & !cleaning & !resist_coating & !exposure & F(resist_coating & !cleaning & !film_deposition & !exposure & F(exposure & !cleaning & !film_deposition & !resist_coating))))
[2023-12-14 01:01:33,668][INFO]: Running command: /home/ubuntu/workfolder/ltlf-goal-oriented-service-composition/scripts/run.sh /tmp/tmpgthn5v7s/domain.pddl /tmp/tmpgthn5v7s/problem.pddl TB 4 mynd -heuristic hmax -exportDot /tmp/tmpgthn5v7s/policy.dot -dumpPlan
[2023-12-14 01:05:03,411][INFO]: Command returned. Total time: 209.74 seconds
[2023-12-14 01:05:03,412][INFO]: Done!
[2023-12-14 01:05:03,413][INFO]: Running experiment chip_production_len_4_4_ff, workdir experiment-output, timeout 300.0
[2023-12-14 01:05:03,413][INFO]: Nb Services: 4
[2023-12-14 01:05:03,413][INFO]: Goal: F(cleaning & !film_deposition & !resist_coating & !exposure & F(film_deposition & !cleaning & !resist_coating & !exposure & F(resist_coating & !cleaning & !film_deposition & !exposure & F(exposure & !cleaning & !film_deposition & !resist_coating))))
[2023-12-14 01:05:03,415][INFO]: Running command: /home/ubuntu/workfolder/ltlf-goal-oriented-service-composition/scripts/run.sh /tmp/tmpk0cepeo_/domain.pddl /tmp/tmpk0cepeo_/problem.pddl TB 4 mynd -heuristic ff -exportDot /tmp/tmpk0cepeo_/policy.dot -dumpPlan
[2023-12-14 01:08:31,594][INFO]: Command returned. Total time: 208.18 seconds
[2023-12-14 01:08:31,596][INFO]: Done!
[2023-12-14 01:08:31,596][INFO]: Running experiment chip_production_len_4_1_hmax, workdir experiment-output, timeout 300.0
[2023-12-14 01:08:31,596][INFO]: Nb Services: 4
[2023-12-14 01:08:31,597][INFO]: Goal: F(cleaning & !film_deposition & !resist_coating & !exposure & F(film_deposition & !cleaning & !resist_coating & !exposure & F(resist_coating & !cleaning & !film_deposition & !exposure & F(exposure & !cleaning & !film_deposition & !resist_coating))))
[2023-12-14 01:08:31,599][INFO]: Running command: /home/ubuntu/workfolder/ltlf-goal-oriented-service-composition/scripts/run.sh /tmp/tmp0kpwktrf/domain.pddl /tmp/tmp0kpwktrf/problem.pddl TB 1 mynd -heuristic hmax -exportDot /tmp/tmp0kpwktrf/policy.dot -dumpPlan
[2023-12-14 01:13:31,601][INFO]: Command returned. Total time: 300.00 seconds
[2023-12-14 01:13:31,785][INFO]: Done!
[2023-12-14 01:13:31,785][INFO]: Combination (<ActionMode.MODE_1: '1'>, <Heuristic.HMAX: 'hmax'>) timed out with n=4, not continuing with this configuration...
[2023-12-14 01:13:31,786][INFO]: Running experiment chip_production_len_4_1_ff, workdir experiment-output, timeout 300.0
[2023-12-14 01:13:31,786][INFO]: Nb Services: 4
[2023-12-14 01:13:31,786][INFO]: Goal: F(cleaning & !film_deposition & !resist_coating & !exposure & F(film_deposition & !cleaning & !resist_coating & !exposure & F(resist_coating & !cleaning & !film_deposition & !exposure & F(exposure & !cleaning & !film_deposition & !resist_coating))))
[2023-12-14 01:13:31,788][INFO]: Running command: /home/ubuntu/workfolder/ltlf-goal-oriented-service-composition/scripts/run.sh /tmp/tmphh0lgkok/domain.pddl /tmp/tmphh0lgkok/problem.pddl TB 1 mynd -heuristic ff -exportDot /tmp/tmphh0lgkok/policy.dot -dumpPlan
[2023-12-14 01:18:31,791][INFO]: Command returned. Total time: 300.00 seconds
[2023-12-14 01:18:32,007][INFO]: Done!
[2023-12-14 01:18:32,007][INFO]: Combination (<ActionMode.MODE_1: '1'>, <Heuristic.FF: 'ff'>) timed out with n=4, not continuing with this configuration...
[2023-12-14 01:18:32,008][INFO]: Running experiment chip_production_len_5_2_hmax, workdir experiment-output, timeout 300.0
[2023-12-14 01:18:32,008][INFO]: Nb Services: 5
[2023-12-14 01:18:32,008][INFO]: Goal: F(cleaning & !film_deposition & !resist_coating & !exposure & !development & F(film_deposition & !cleaning & !resist_coating & !exposure & !development & F(resist_coating & !cleaning & !film_deposition & !exposure & !development & F(exposure & !cleaning & !film_deposition & !resist_coating & !development & F(development & !cleaning & !film_deposition & !resist_coating & !exposure)))))
[2023-12-14 01:18:32,010][INFO]: Running command: /home/ubuntu/workfolder/ltlf-goal-oriented-service-composition/scripts/run.sh /tmp/tmpav88k7ew/domain.pddl /tmp/tmpav88k7ew/problem.pddl TB 2 mynd -heuristic hmax -exportDot /tmp/tmpav88k7ew/policy.dot -dumpPlan
[2023-12-14 01:20:49,315][INFO]: Command returned. Total time: 137.30 seconds
[2023-12-14 01:20:49,318][INFO]: Done!
[2023-12-14 01:20:49,318][INFO]: Running experiment chip_production_len_5_2_ff, workdir experiment-output, timeout 300.0
[2023-12-14 01:20:49,319][INFO]: Nb Services: 5
[2023-12-14 01:20:49,319][INFO]: Goal: F(cleaning & !film_deposition & !resist_coating & !exposure & !development & F(film_deposition & !cleaning & !resist_coating & !exposure & !development & F(resist_coating & !cleaning & !film_deposition & !exposure & !development & F(exposure & !cleaning & !film_deposition & !resist_coating & !development & F(development & !cleaning & !film_deposition & !resist_coating & !exposure)))))
[2023-12-14 01:20:49,325][INFO]: Running command: /home/ubuntu/workfolder/ltlf-goal-oriented-service-composition/scripts/run.sh /tmp/tmpohg7_ofi/domain.pddl /tmp/tmpohg7_ofi/problem.pddl TB 2 mynd -heuristic ff -exportDot /tmp/tmpohg7_ofi/policy.dot -dumpPlan
[2023-12-14 01:23:11,864][INFO]: Command returned. Total time: 142.54 seconds
[2023-12-14 01:23:11,878][INFO]: Done!
[2023-12-14 01:23:11,879][INFO]: Skipping configuration (<ActionMode.MODE_3: '3'>, <Heuristic.HMAX: 'hmax'>) for n=5
[2023-12-14 01:23:11,880][INFO]: Skipping configuration (<ActionMode.MODE_3: '3'>, <Heuristic.FF: 'ff'>) for n=5
[2023-12-14 01:23:11,880][INFO]: Running experiment chip_production_len_5_4_hmax, workdir experiment-output, timeout 300.0
[2023-12-14 01:23:11,881][INFO]: Nb Services: 5
[2023-12-14 01:23:11,881][INFO]: Goal: F(cleaning & !film_deposition & !resist_coating & !exposure & !development & F(film_deposition & !cleaning & !resist_coating & !exposure & !development & F(resist_coating & !cleaning & !film_deposition & !exposure & !development & F(exposure & !cleaning & !film_deposition & !resist_coating & !development & F(development & !cleaning & !film_deposition & !resist_coating & !exposure)))))
[2023-12-14 01:23:11,888][INFO]: Running command: /home/ubuntu/workfolder/ltlf-goal-oriented-service-composition/scripts/run.sh /tmp/tmpup6dt23a/domain.pddl /tmp/tmpup6dt23a/problem.pddl TB 4 mynd -heuristic hmax -exportDot /tmp/tmpup6dt23a/policy.dot -dumpPlan
[2023-12-14 01:28:11,892][INFO]: Command returned. Total time: 300.00 seconds
[2023-12-14 01:28:12,350][INFO]: Done!
[2023-12-14 01:28:12,350][INFO]: Combination (<ActionMode.MODE_4: '4'>, <Heuristic.HMAX: 'hmax'>) timed out with n=5, not continuing with this configuration...
[2023-12-14 01:28:12,350][INFO]: Running experiment chip_production_len_5_4_ff, workdir experiment-output, timeout 300.0
[2023-12-14 01:28:12,350][INFO]: Nb Services: 5
[2023-12-14 01:28:12,351][INFO]: Goal: F(cleaning & !film_deposition & !resist_coating & !exposure & !development & F(film_deposition & !cleaning & !resist_coating & !exposure & !development & F(resist_coating & !cleaning & !film_deposition & !exposure & !development & F(exposure & !cleaning & !film_deposition & !resist_coating & !development & F(development & !cleaning & !film_deposition & !resist_coating & !exposure)))))
[2023-12-14 01:28:12,354][INFO]: Running command: /home/ubuntu/workfolder/ltlf-goal-oriented-service-composition/scripts/run.sh /tmp/tmp0ne6iwqa/domain.pddl /tmp/tmp0ne6iwqa/problem.pddl TB 4 mynd -heuristic ff -exportDot /tmp/tmp0ne6iwqa/policy.dot -dumpPlan
[2023-12-14 01:33:12,356][INFO]: Command returned. Total time: 300.00 seconds
[2023-12-14 01:33:19,649][INFO]: Done!
[2023-12-14 01:33:19,658][INFO]: Combination (<ActionMode.MODE_4: '4'>, <Heuristic.FF: 'ff'>) timed out with n=5, not continuing with this configuration...
[2023-12-14 01:33:19,658][INFO]: Skipping configuration (<ActionMode.MODE_1: '1'>, <Heuristic.HMAX: 'hmax'>) for n=5
[2023-12-14 01:33:19,658][INFO]: Skipping configuration (<ActionMode.MODE_1: '1'>, <Heuristic.FF: 'ff'>) for n=5
[2023-12-14 01:33:19,658][INFO]: Running experiment chip_production_len_6_2_hmax, workdir experiment-output, timeout 300.0
[2023-12-14 01:33:19,658][INFO]: Nb Services: 6
[2023-12-14 01:33:19,658][INFO]: Goal: F(cleaning & !film_deposition & !resist_coating & !exposure & !development & !etching & F(film_deposition & !cleaning & !resist_coating & !exposure & !development & !etching & F(resist_coating & !cleaning & !film_deposition & !exposure & !development & !etching & F(exposure & !cleaning & !film_deposition & !resist_coating & !development & !etching & F(development & !cleaning & !film_deposition & !resist_coating & !exposure & !etching & F(etching & !cleaning & !film_deposition & !resist_coating & !exposure & !development))))))
[2023-12-14 01:33:19,662][INFO]: Running command: /home/ubuntu/workfolder/ltlf-goal-oriented-service-composition/scripts/run.sh /tmp/tmpyue6lpfv/domain.pddl /tmp/tmpyue6lpfv/problem.pddl TB 2 mynd -heuristic hmax -exportDot /tmp/tmpyue6lpfv/policy.dot -dumpPlan
[2023-12-14 01:38:19,667][INFO]: Command returned. Total time: 300.00 seconds
[2023-12-14 01:38:29,663][INFO]: Done!
[2023-12-14 01:38:29,663][INFO]: Combination (<ActionMode.MODE_2: '2'>, <Heuristic.HMAX: 'hmax'>) timed out with n=6, not continuing with this configuration...
[2023-12-14 01:38:29,663][INFO]: Running experiment chip_production_len_6_2_ff, workdir experiment-output, timeout 300.0
[2023-12-14 01:38:29,663][INFO]: Nb Services: 6
[2023-12-14 01:38:29,664][INFO]: Goal: F(cleaning & !film_deposition & !resist_coating & !exposure & !development & !etching & F(film_deposition & !cleaning & !resist_coating & !exposure & !development & !etching & F(resist_coating & !cleaning & !film_deposition & !exposure & !development & !etching & F(exposure & !cleaning & !film_deposition & !resist_coating & !development & !etching & F(development & !cleaning & !film_deposition & !resist_coating & !exposure & !etching & F(etching & !cleaning & !film_deposition & !resist_coating & !exposure & !development))))))
[2023-12-14 01:38:29,670][INFO]: Running command: /home/ubuntu/workfolder/ltlf-goal-oriented-service-composition/scripts/run.sh /tmp/tmpm_xfg8l9/domain.pddl /tmp/tmpm_xfg8l9/problem.pddl TB 2 mynd -heuristic ff -exportDot /tmp/tmpm_xfg8l9/policy.dot -dumpPlan
[2023-12-14 01:43:29,673][INFO]: Command returned. Total time: 300.00 seconds
[2023-12-14 01:43:36,596][INFO]: Done!
[2023-12-14 01:43:36,596][INFO]: Combination (<ActionMode.MODE_2: '2'>, <Heuristic.FF: 'ff'>) timed out with n=6, not continuing with this configuration...
[2023-12-14 01:43:36,596][INFO]: Skipping configuration (<ActionMode.MODE_3: '3'>, <Heuristic.HMAX: 'hmax'>) for n=6
[2023-12-14 01:43:36,596][INFO]: Skipping configuration (<ActionMode.MODE_3: '3'>, <Heuristic.FF: 'ff'>) for n=6
[2023-12-14 01:43:36,596][INFO]: Skipping configuration (<ActionMode.MODE_4: '4'>, <Heuristic.HMAX: 'hmax'>) for n=6
[2023-12-14 01:43:36,597][INFO]: Skipping configuration (<ActionMode.MODE_4: '4'>, <Heuristic.FF: 'ff'>) for n=6
[2023-12-14 01:43:36,597][INFO]: Skipping configuration (<ActionMode.MODE_1: '1'>, <Heuristic.HMAX: 'hmax'>) for n=6
[2023-12-14 01:43:36,597][INFO]: Skipping configuration (<ActionMode.MODE_1: '1'>, <Heuristic.FF: 'ff'>) for n=6
[2023-12-14 01:43:36,597][INFO]: Skipping configuration (<ActionMode.MODE_2: '2'>, <Heuristic.HMAX: 'hmax'>) for n=7
[2023-12-14 01:43:36,597][INFO]: Skipping configuration (<ActionMode.MODE_2: '2'>, <Heuristic.FF: 'ff'>) for n=7
[2023-12-14 01:43:36,597][INFO]: Skipping configuration (<ActionMode.MODE_3: '3'>, <Heuristic.HMAX: 'hmax'>) for n=7
[2023-12-14 01:43:36,597][INFO]: Skipping configuration (<ActionMode.MODE_3: '3'>, <Heuristic.FF: 'ff'>) for n=7
[2023-12-14 01:43:36,597][INFO]: Skipping configuration (<ActionMode.MODE_4: '4'>, <Heuristic.HMAX: 'hmax'>) for n=7
[2023-12-14 01:43:36,597][INFO]: Skipping configuration (<ActionMode.MODE_4: '4'>, <Heuristic.FF: 'ff'>) for n=7
[2023-12-14 01:43:36,597][INFO]: Skipping configuration (<ActionMode.MODE_1: '1'>, <Heuristic.HMAX: 'hmax'>) for n=7
[2023-12-14 01:43:36,597][INFO]: Skipping configuration (<ActionMode.MODE_1: '1'>, <Heuristic.FF: 'ff'>) for n=7
[2023-12-14 01:43:36,597][INFO]: Skipping configuration (<ActionMode.MODE_2: '2'>, <Heuristic.HMAX: 'hmax'>) for n=8
[2023-12-14 01:43:36,597][INFO]: Skipping configuration (<ActionMode.MODE_2: '2'>, <Heuristic.FF: 'ff'>) for n=8
[2023-12-14 01:43:36,597][INFO]: Skipping configuration (<ActionMode.MODE_3: '3'>, <Heuristic.HMAX: 'hmax'>) for n=8
[2023-12-14 01:43:36,597][INFO]: Skipping configuration (<ActionMode.MODE_3: '3'>, <Heuristic.FF: 'ff'>) for n=8
[2023-12-14 01:43:36,597][INFO]: Skipping configuration (<ActionMode.MODE_4: '4'>, <Heuristic.HMAX: 'hmax'>) for n=8
[2023-12-14 01:43:36,597][INFO]: Skipping configuration (<ActionMode.MODE_4: '4'>, <Heuristic.FF: 'ff'>) for n=8
[2023-12-14 01:43:36,597][INFO]: Skipping configuration (<ActionMode.MODE_1: '1'>, <Heuristic.HMAX: 'hmax'>) for n=8
[2023-12-14 01:43:36,597][INFO]: Skipping configuration (<ActionMode.MODE_1: '1'>, <Heuristic.FF: 'ff'>) for n=8
[2023-12-14 01:43:36,597][INFO]: Skipping configuration (<ActionMode.MODE_2: '2'>, <Heuristic.HMAX: 'hmax'>) for n=9
[2023-12-14 01:43:36,597][INFO]: Skipping configuration (<ActionMode.MODE_2: '2'>, <Heuristic.FF: 'ff'>) for n=9
[2023-12-14 01:43:36,597][INFO]: Skipping configuration (<ActionMode.MODE_3: '3'>, <Heuristic.HMAX: 'hmax'>) for n=9
[2023-12-14 01:43:36,597][INFO]: Skipping configuration (<ActionMode.MODE_3: '3'>, <Heuristic.FF: 'ff'>) for n=9
[2023-12-14 01:43:36,597][INFO]: Skipping configuration (<ActionMode.MODE_4: '4'>, <Heuristic.HMAX: 'hmax'>) for n=9
[2023-12-14 01:43:36,598][INFO]: Skipping configuration (<ActionMode.MODE_4: '4'>, <Heuristic.FF: 'ff'>) for n=9
[2023-12-14 01:43:36,598][INFO]: Skipping configuration (<ActionMode.MODE_1: '1'>, <Heuristic.HMAX: 'hmax'>) for n=9
[2023-12-14 01:43:36,598][INFO]: Skipping configuration (<ActionMode.MODE_1: '1'>, <Heuristic.FF: 'ff'>) for n=9
[2023-12-14 01:43:36,598][INFO]: Skipping configuration (<ActionMode.MODE_2: '2'>, <Heuristic.HMAX: 'hmax'>) for n=10
[2023-12-14 01:43:36,598][INFO]: Skipping configuration (<ActionMode.MODE_2: '2'>, <Heuristic.FF: 'ff'>) for n=10
[2023-12-14 01:43:36,598][INFO]: Skipping configuration (<ActionMode.MODE_3: '3'>, <Heuristic.HMAX: 'hmax'>) for n=10
[2023-12-14 01:43:36,598][INFO]: Skipping configuration (<ActionMode.MODE_3: '3'>, <Heuristic.FF: 'ff'>) for n=10
[2023-12-14 01:43:36,598][INFO]: Skipping configuration (<ActionMode.MODE_4: '4'>, <Heuristic.HMAX: 'hmax'>) for n=10
[2023-12-14 01:43:36,598][INFO]: Skipping configuration (<ActionMode.MODE_4: '4'>, <Heuristic.FF: 'ff'>) for n=10
[2023-12-14 01:43:36,598][INFO]: Skipping configuration (<ActionMode.MODE_1: '1'>, <Heuristic.HMAX: 'hmax'>) for n=10
[2023-12-14 01:43:36,598][INFO]: Skipping configuration (<ActionMode.MODE_1: '1'>, <Heuristic.FF: 'ff'>) for n=10
[2023-12-14 01:43:36,598][INFO]: Skipping configuration (<ActionMode.MODE_2: '2'>, <Heuristic.HMAX: 'hmax'>) for n=11
[2023-12-14 01:43:36,598][INFO]: Skipping configuration (<ActionMode.MODE_2: '2'>, <Heuristic.FF: 'ff'>) for n=11
[2023-12-14 01:43:36,598][INFO]: Skipping configuration (<ActionMode.MODE_3: '3'>, <Heuristic.HMAX: 'hmax'>) for n=11
[2023-12-14 01:43:36,598][INFO]: Skipping configuration (<ActionMode.MODE_3: '3'>, <Heuristic.FF: 'ff'>) for n=11
[2023-12-14 01:43:36,598][INFO]: Skipping configuration (<ActionMode.MODE_4: '4'>, <Heuristic.HMAX: 'hmax'>) for n=11
[2023-12-14 01:43:36,598][INFO]: Skipping configuration (<ActionMode.MODE_4: '4'>, <Heuristic.FF: 'ff'>) for n=11
[2023-12-14 01:43:36,598][INFO]: Skipping configuration (<ActionMode.MODE_1: '1'>, <Heuristic.HMAX: 'hmax'>) for n=11
[2023-12-14 01:43:36,598][INFO]: Skipping configuration (<ActionMode.MODE_1: '1'>, <Heuristic.FF: 'ff'>) for n=11
[2023-12-14 01:43:36,972][INFO]: Running experiment garden_2_hmax, workdir experiment-output, timeout 300.0
[2023-12-14 01:43:36,972][INFO]: Nb Services: 3
[2023-12-14 01:43:36,973][INFO]: Goal: clean & X[!]((clean U ((water & X[!](pluck)) | (pluck & X[!](water)))))
[2023-12-14 01:43:36,976][INFO]: Running command: /home/ubuntu/workfolder/ltlf-goal-oriented-service-composition/scripts/run.sh /tmp/tmp7yvb_gzl/domain.pddl /tmp/tmp7yvb_gzl/problem.pddl TB 2 mynd -heuristic hmax -exportDot /tmp/tmp7yvb_gzl/policy.dot -dumpPlan
[2023-12-14 01:43:55,116][INFO]: Command returned. Total time: 18.14 seconds
[2023-12-14 01:43:55,119][INFO]: Done!
[2023-12-14 01:43:55,119][INFO]: Running experiment garden_2_ff, workdir experiment-output, timeout 300.0
[2023-12-14 01:43:55,120][INFO]: Nb Services: 3
[2023-12-14 01:43:55,120][INFO]: Goal: clean & X[!]((clean U ((water & X[!](pluck)) | (pluck & X[!](water)))))
[2023-12-14 01:43:55,122][INFO]: Running command: /home/ubuntu/workfolder/ltlf-goal-oriented-service-composition/scripts/run.sh /tmp/tmp0by4fkq5/domain.pddl /tmp/tmp0by4fkq5/problem.pddl TB 2 mynd -heuristic ff -exportDot /tmp/tmp0by4fkq5/policy.dot -dumpPlan
[2023-12-14 01:44:12,043][INFO]: Command returned. Total time: 16.92 seconds
[2023-12-14 01:44:12,044][INFO]: Done!
[2023-12-14 01:44:12,045][INFO]: Running experiment garden_3_hmax, workdir experiment-output, timeout 300.0
[2023-12-14 01:44:12,045][INFO]: Nb Services: 3
[2023-12-14 01:44:12,045][INFO]: Goal: clean & X[!]((clean U ((water & X[!](pluck)) | (pluck & X[!](water)))))
[2023-12-14 01:44:12,046][INFO]: Running command: /home/ubuntu/workfolder/ltlf-goal-oriented-service-composition/scripts/run.sh /tmp/tmpqlz7__av/domain.pddl /tmp/tmpqlz7__av/problem.pddl TB 3 mynd -heuristic hmax -exportDot /tmp/tmpqlz7__av/policy.dot -dumpPlan
[2023-12-14 01:44:31,077][INFO]: Command returned. Total time: 19.03 seconds
[2023-12-14 01:44:31,079][INFO]: Done!
[2023-12-14 01:44:31,079][INFO]: Running experiment garden_3_ff, workdir experiment-output, timeout 300.0
[2023-12-14 01:44:31,080][INFO]: Nb Services: 3
[2023-12-14 01:44:31,080][INFO]: Goal: clean & X[!]((clean U ((water & X[!](pluck)) | (pluck & X[!](water)))))
[2023-12-14 01:44:31,083][INFO]: Running command: /home/ubuntu/workfolder/ltlf-goal-oriented-service-composition/scripts/run.sh /tmp/tmplqjb59ti/domain.pddl /tmp/tmplqjb59ti/problem.pddl TB 3 mynd -heuristic ff -exportDot /tmp/tmplqjb59ti/policy.dot -dumpPlan
[2023-12-14 01:44:51,570][INFO]: Command returned. Total time: 20.49 seconds
[2023-12-14 01:44:51,571][INFO]: Done!
[2023-12-14 01:44:51,571][INFO]: Running experiment garden_4_hmax, workdir experiment-output, timeout 300.0
[2023-12-14 01:44:51,571][INFO]: Nb Services: 3
[2023-12-14 01:44:51,571][INFO]: Goal: clean & X[!]((clean U ((water & X[!](pluck)) | (pluck & X[!](water)))))
[2023-12-14 01:44:51,573][INFO]: Running command: /home/ubuntu/workfolder/ltlf-goal-oriented-service-composition/scripts/run.sh /tmp/tmpjyjhh1qa/domain.pddl /tmp/tmpjyjhh1qa/problem.pddl TB 4 mynd -heuristic hmax -exportDot /tmp/tmpjyjhh1qa/policy.dot -dumpPlan
[2023-12-14 01:45:11,754][INFO]: Command returned. Total time: 20.18 seconds
[2023-12-14 01:45:11,757][INFO]: Done!
[2023-12-14 01:45:11,758][INFO]: Running experiment garden_4_ff, workdir experiment-output, timeout 300.0
[2023-12-14 01:45:11,758][INFO]: Nb Services: 3
[2023-12-14 01:45:11,758][INFO]: Goal: clean & X[!]((clean U ((water & X[!](pluck)) | (pluck & X[!](water)))))
[2023-12-14 01:45:11,761][INFO]: Running command: /home/ubuntu/workfolder/ltlf-goal-oriented-service-composition/scripts/run.sh /tmp/tmp8_bsf0jv/domain.pddl /tmp/tmp8_bsf0jv/problem.pddl TB 4 mynd -heuristic ff -exportDot /tmp/tmp8_bsf0jv/policy.dot -dumpPlan
[2023-12-14 01:45:31,995][INFO]: Command returned. Total time: 20.23 seconds
[2023-12-14 01:45:31,996][INFO]: Done!
[2023-12-14 01:45:31,996][INFO]: Running experiment garden_1_hmax, workdir experiment-output, timeout 300.0
[2023-12-14 01:45:31,996][INFO]: Nb Services: 3
[2023-12-14 01:45:31,996][INFO]: Goal: clean & X[!]((clean U ((water & X[!](pluck)) | (pluck & X[!](water)))))
[2023-12-14 01:45:31,998][INFO]: Running command: /home/ubuntu/workfolder/ltlf-goal-oriented-service-composition/scripts/run.sh /tmp/tmp4_gumg3z/domain.pddl /tmp/tmp4_gumg3z/problem.pddl TB 1 mynd -heuristic hmax -exportDot /tmp/tmp4_gumg3z/policy.dot -dumpPlan
[2023-12-14 01:46:07,300][INFO]: Command returned. Total time: 35.30 seconds
[2023-12-14 01:46:07,301][INFO]: Done!
[2023-12-14 01:46:07,301][INFO]: Running experiment garden_1_ff, workdir experiment-output, timeout 300.0
[2023-12-14 01:46:07,302][INFO]: Nb Services: 3
[2023-12-14 01:46:07,302][INFO]: Goal: clean & X[!]((clean U ((water & X[!](pluck)) | (pluck & X[!](water)))))
[2023-12-14 01:46:07,303][INFO]: Running command: /home/ubuntu/workfolder/ltlf-goal-oriented-service-composition/scripts/run.sh /tmp/tmpjdyudoej/domain.pddl /tmp/tmpjdyudoej/problem.pddl TB 1 mynd -heuristic ff -exportDot /tmp/tmpjdyudoej/policy.dot -dumpPlan
[2023-12-14 01:46:53,074][INFO]: Command returned. Total time: 45.77 seconds
[2023-12-14 01:46:53,075][INFO]: Done!
[2023-12-14 01:46:53,288][INFO]: Running experiment electric_motor_nondet_unsolvable_2_hmax, workdir experiment-output, timeout 300.0
[2023-12-14 01:46:53,288][INFO]: Nb Services: 4
[2023-12-14 01:46:53,288][INFO]: Goal: F(assemble_motor) & (!assemble_motor U build_rotor) & (!assemble_motor U build_stator) & (!assemble_motor U build_inverter)
[2023-12-14 01:46:53,290][INFO]: Running command: /home/ubuntu/workfolder/ltlf-goal-oriented-service-composition/scripts/run.sh /tmp/tmp14pa6406/domain.pddl /tmp/tmp14pa6406/problem.pddl TB 2 mynd -heuristic hmax -exportDot /tmp/tmp14pa6406/policy.dot -dumpPlan
[2023-12-14 01:51:53,292][INFO]: Command returned. Total time: 300.00 seconds
[2023-12-14 01:51:54,105][INFO]: Done!
[2023-12-14 01:51:54,105][INFO]: Running experiment electric_motor_nondet_unsolvable_2_ff, workdir experiment-output, timeout 300.0
[2023-12-14 01:51:54,106][INFO]: Nb Services: 4
[2023-12-14 01:51:54,106][INFO]: Goal: F(assemble_motor) & (!assemble_motor U build_rotor) & (!assemble_motor U build_stator) & (!assemble_motor U build_inverter)
[2023-12-14 01:51:54,107][INFO]: Running command: /home/ubuntu/workfolder/ltlf-goal-oriented-service-composition/scripts/run.sh /tmp/tmpstphehp1/domain.pddl /tmp/tmpstphehp1/problem.pddl TB 2 mynd -heuristic ff -exportDot /tmp/tmpstphehp1/policy.dot -dumpPlan
[2023-12-14 01:53:28,335][INFO]: Command returned. Total time: 94.23 seconds
[2023-12-14 01:53:28,336][INFO]: Done!
[2023-12-14 01:53:28,336][INFO]: Running experiment electric_motor_nondet_unsolvable_3_hmax, workdir experiment-output, timeout 300.0
[2023-12-14 01:53:28,336][INFO]: Nb Services: 4
[2023-12-14 01:53:28,336][INFO]: Goal: F(assemble_motor) & (!assemble_motor U build_rotor) & (!assemble_motor U build_stator) & (!assemble_motor U build_inverter)
[2023-12-14 01:53:28,338][INFO]: Running command: /home/ubuntu/workfolder/ltlf-goal-oriented-service-composition/scripts/run.sh /tmp/tmpgjul_xdx/domain.pddl /tmp/tmpgjul_xdx/problem.pddl TB 3 mynd -heuristic hmax -exportDot /tmp/tmpgjul_xdx/policy.dot -dumpPlan
[2023-12-14 01:58:28,340][INFO]: Command returned. Total time: 300.00 seconds
[2023-12-14 01:58:28,641][INFO]: Done!
[2023-12-14 01:58:28,642][INFO]: Running experiment electric_motor_nondet_unsolvable_3_ff, workdir experiment-output, timeout 300.0
[2023-12-14 01:58:28,642][INFO]: Nb Services: 4
[2023-12-14 01:58:28,642][INFO]: Goal: F(assemble_motor) & (!assemble_motor U build_rotor) & (!assemble_motor U build_stator) & (!assemble_motor U build_inverter)
[2023-12-14 01:58:28,644][INFO]: Running command: /home/ubuntu/workfolder/ltlf-goal-oriented-service-composition/scripts/run.sh /tmp/tmpjsh3iuw_/domain.pddl /tmp/tmpjsh3iuw_/problem.pddl TB 3 mynd -heuristic ff -exportDot /tmp/tmpjsh3iuw_/policy.dot -dumpPlan
[2023-12-14 02:03:28,647][INFO]: Command returned. Total time: 300.00 seconds
[2023-12-14 02:03:29,234][INFO]: Done!
[2023-12-14 02:03:29,235][INFO]: Running experiment electric_motor_nondet_unsolvable_4_hmax, workdir experiment-output, timeout 300.0
[2023-12-14 02:03:29,235][INFO]: Nb Services: 4
[2023-12-14 02:03:29,235][INFO]: Goal: F(assemble_motor) & (!assemble_motor U build_rotor) & (!assemble_motor U build_stator) & (!assemble_motor U build_inverter)
[2023-12-14 02:03:29,237][INFO]: Running command: /home/ubuntu/workfolder/ltlf-goal-oriented-service-composition/scripts/run.sh /tmp/tmpfqx0n587/domain.pddl /tmp/tmpfqx0n587/problem.pddl TB 4 mynd -heuristic hmax -exportDot /tmp/tmpfqx0n587/policy.dot -dumpPlan
[2023-12-14 02:05:34,086][INFO]: Command returned. Total time: 124.85 seconds
[2023-12-14 02:05:34,088][INFO]: Done!
[2023-12-14 02:05:34,089][INFO]: Running experiment electric_motor_nondet_unsolvable_4_ff, workdir experiment-output, timeout 300.0
[2023-12-14 02:05:34,089][INFO]: Nb Services: 4
[2023-12-14 02:05:34,089][INFO]: Goal: F(assemble_motor) & (!assemble_motor U build_rotor) & (!assemble_motor U build_stator) & (!assemble_motor U build_inverter)
[2023-12-14 02:05:34,092][INFO]: Running command: /home/ubuntu/workfolder/ltlf-goal-oriented-service-composition/scripts/run.sh /tmp/tmpfc2uhf23/domain.pddl /tmp/tmpfc2uhf23/problem.pddl TB 4 mynd -heuristic ff -exportDot /tmp/tmpfc2uhf23/policy.dot -dumpPlan
[2023-12-14 02:07:21,679][INFO]: Command returned. Total time: 107.59 seconds
[2023-12-14 02:07:21,679][INFO]: Done!
[2023-12-14 02:07:21,680][INFO]: Running experiment electric_motor_nondet_unsolvable_1_hmax, workdir experiment-output, timeout 300.0
[2023-12-14 02:07:21,680][INFO]: Nb Services: 4
[2023-12-14 02:07:21,680][INFO]: Goal: F(assemble_motor) & (!assemble_motor U build_rotor) & (!assemble_motor U build_stator) & (!assemble_motor U build_inverter)
[2023-12-14 02:07:21,681][INFO]: Running command: /home/ubuntu/workfolder/ltlf-goal-oriented-service-composition/scripts/run.sh /tmp/tmpbxjqab53/domain.pddl /tmp/tmpbxjqab53/problem.pddl TB 1 mynd -heuristic hmax -exportDot /tmp/tmpbxjqab53/policy.dot -dumpPlan
[2023-12-14 02:12:21,684][INFO]: Command returned. Total time: 300.00 seconds
[2023-12-14 02:12:21,907][INFO]: Done!
[2023-12-14 02:12:21,908][INFO]: Running experiment electric_motor_nondet_unsolvable_1_ff, workdir experiment-output, timeout 300.0
[2023-12-14 02:12:21,908][INFO]: Nb Services: 4
[2023-12-14 02:12:21,908][INFO]: Goal: F(assemble_motor) & (!assemble_motor U build_rotor) & (!assemble_motor U build_stator) & (!assemble_motor U build_inverter)
[2023-12-14 02:12:21,910][INFO]: Running command: /home/ubuntu/workfolder/ltlf-goal-oriented-service-composition/scripts/run.sh /tmp/tmp2y2rkmgu/domain.pddl /tmp/tmp2y2rkmgu/problem.pddl TB 1 mynd -heuristic ff -exportDot /tmp/tmp2y2rkmgu/policy.dot -dumpPlan
[2023-12-14 02:17:21,913][INFO]: Command returned. Total time: 300.00 seconds
[2023-12-14 02:17:22,132][INFO]: Done!
